<?xml version="1.0" encoding="UTF-8" ?>
<testsuite tests="6" failures="0" name="stepDefinitions.TestRunner" time="104.622" errors="0" skipped="0">
  <properties>
[...]
</properties>
  <testcase classname="Test Amazon cart functionality" name="Validate Amazone search is working" time="28.136"/>
  <testcase classname="Test Amazon cart functionality" name="Validate view product is working" time="12.815"/>
  <testcase classname="Test Amazon cart functionality" name="Validate add a product to cart is working" time="5.119"/>
  <testcase classname="Test Amazon cart functionality" name="Validate searching another product is working" time="36.895"/>
  <testcase classname="Test Amazon cart functionality" name="Validate adding another product to the cart is working" time="9.034"/>
  <testcase classname="Test Amazon cart functionality" name="Validate removing one men hat from the cart is working" time="12.623"/>
</testsuite>